<?xml version="1.0" encoding="UTF-8"?>
<testsuite name="BandTest" tests="1" skipped="0" failures="0" errors="0" timestamp="2016-05-13T02:30:20" hostname="pauls-MacBook-Air.local" time="0.0">
  <properties/>
  <testcase name="Band_initializesCorrectly_true" classname="BandTest" time="0.0"/>
  <system-out><![CDATA[]]></system-out>
  <system-err><![CDATA[]]></system-err>
</testsuite>
